Case #1: AB AB
Case #2: A A BC A BC
Case #3: C A BC
Case #4: BA B A BC
Case #5: A BC A BC A BC
Case #6: CB C A BC A BC
Case #7: BC A BC
Case #8: AB A BC A BC
Case #9: AB AB AB AB
Case #10: BC BC BC A BC
Case #11: AA A BC A BC
Case #12: BC BC A BC
Case #13: BA BA B A BC
Case #14: CC A BC A BC
Case #15: AA CA C A BC
Case #16: AB AB AB A BC
Case #17: AA BA B A BC
Case #18: AA C A BC A BC
Case #19: CA CA C A BC
Case #20: B A BC A BC
Case #21: A A BC
Case #22: CA C A BC
Case #23: BA B A BC A BC
Case #24: AB AB AB
Case #25: AA C A BC
Case #26: B A BC
Case #27: BC A BC A BC
Case #28: A BC A BC
Case #29: AB AB A BC
Case #30: BB A BC A BC
Case #31: CB C A BC
Case #32: AB A BC
Case #33: CB CB C A BC
Case #34: BB C A BC
Case #35: AA B A BC A BC
Case #36: A BC
Case #37: AC AC AC A BC
Case #38: BB CB C A BC
Case #39: C A BC A BC
Case #40: AB
Case #41: CA C A BC A BC
Case #42: BB C A BC A BC
Case #43: AA B A BC
Case #44: AC A BC A BC
Case #45: AC AC A BC
Case #46: AC A BC
